<?xml version="1.0" encoding="UTF-8"?>
<coverage generated="1508940604">
  <project timestamp="1508940604">
    <file name="/Users/mfm-studio2/Documents/DockerJobs/mbshow-backend-video-service/src/bootstrap.php">
      <line num="15" type="stmt" count="1"/>
      <line num="17" type="stmt" count="1"/>
      <metrics loc="19" ncloc="10" classes="0" methods="0" coveredmethods="0" conditionals="0" coveredconditionals="0" statements="2" coveredstatements="2" elements="2" coveredelements="2"/>
    </file>
    <metrics files="1" loc="19" ncloc="10" classes="0" methods="0" coveredmethods="0" conditionals="0" coveredconditionals="0" statements="2" coveredstatements="2" elements="2" coveredelements="2"/>
  </project>
</coverage>
